[1 - Suricata-Main] 2025-09-13 11:25:24 Notice: suricata: This is Suricata version 7.0.11 RELEASE running in SYSTEM mode
[1 - Suricata-Main] 2025-09-13 11:25:24 Info: cpu: CPUs/cores online: 4
[1 - Suricata-Main] 2025-09-13 11:25:24 Info: device: wlx90de80fb6413: shortening device name to wlx9..6413
[1 - Suricata-Main] 2025-09-13 11:25:24 Info: suricata: Setting engine mode to IDS mode by default
[1 - Suricata-Main] 2025-09-13 11:25:24 Info: exception-policy: master exception-policy set to: auto
[1 - Suricata-Main] 2025-09-13 11:25:24 Info: conf: Running in live mode, activating unix socket
[1 - Suricata-Main] 2025-09-13 11:25:24 Info: logopenfile: fast output device (regular) initialized: fast.log
[1 - Suricata-Main] 2025-09-13 11:25:24 Info: logopenfile: eve-log output device (regular) initialized: eve.json
[1 - Suricata-Main] 2025-09-13 11:25:24 Info: logopenfile: stats output device (regular) initialized: stats.log
[1 - Suricata-Main] 2025-09-13 11:25:49 Info: detect: 1 rule files processed. 44154 rules successfully loaded, 0 rules failed, 0
[1 - Suricata-Main] 2025-09-13 11:25:49 Info: threshold-config: Threshold config parsed: 0 rule(s) found
[1 - Suricata-Main] 2025-09-13 11:25:50 Info: detect: 44157 signatures processed. 938 are IP-only rules, 4364 are inspecting packet payload, 38633 inspect application layer, 109 are decoder event only
[1 - Suricata-Main] 2025-09-13 11:25:50 Perf: detect: TCP toserver: 41 port groups, 40 unique SGH's, 1 copies
[1 - Suricata-Main] 2025-09-13 11:25:50 Perf: detect: TCP toclient: 21 port groups, 21 unique SGH's, 0 copies
[1 - Suricata-Main] 2025-09-13 11:25:50 Perf: detect: UDP toserver: 41 port groups, 40 unique SGH's, 1 copies
[1 - Suricata-Main] 2025-09-13 11:25:50 Perf: detect: UDP toclient: 21 port groups, 17 unique SGH's, 4 copies
[1 - Suricata-Main] 2025-09-13 11:25:50 Perf: detect: OTHER toserver: 254 proto groups, 4 unique SGH's, 250 copies
[1 - Suricata-Main] 2025-09-13 11:25:50 Perf: detect: OTHER toclient: 254 proto groups, 0 unique SGH's, 254 copies
[1 - Suricata-Main] 2025-09-13 11:25:52 Perf: detect: Unique rule groups: 122
[1 - Suricata-Main] 2025-09-13 11:25:52 Perf: detect: Builtin MPM "toserver TCP packet": 32
[1 - Suricata-Main] 2025-09-13 11:25:52 Perf: detect: Builtin MPM "toclient TCP packet": 20
[1 - Suricata-Main] 2025-09-13 11:25:52 Perf: detect: Builtin MPM "toserver TCP stream": 33
[1 - Suricata-Main] 2025-09-13 11:25:52 Perf: detect: Builtin MPM "toclient TCP stream": 19
[1 - Suricata-Main] 2025-09-13 11:25:52 Perf: detect: Builtin MPM "toserver UDP packet": 40
[1 - Suricata-Main] 2025-09-13 11:25:52 Perf: detect: Builtin MPM "toclient UDP packet": 17
[1 - Suricata-Main] 2025-09-13 11:25:52 Perf: detect: Builtin MPM "other IP packet": 3
[1 - Suricata-Main] 2025-09-13 11:25:52 Perf: detect: AppLayer MPM "toserver http_uri (http)": 16
[1 - Suricata-Main] 2025-09-13 11:25:52 Perf: detect: AppLayer MPM "toserver http_uri (http)": 2
[1 - Suricata-Main] 2025-09-13 11:25:52 Perf: detect: AppLayer MPM "toserver http_uri (http2)": 16
[1 - Suricata-Main] 2025-09-13 11:25:52 Perf: detect: AppLayer MPM "toserver http_uri (http2)": 2
[1 - Suricata-Main] 2025-09-13 11:25:52 Perf: detect: AppLayer MPM "toserver http_raw_uri (http)": 2
[1 - Suricata-Main] 2025-09-13 11:25:52 Perf: detect: AppLayer MPM "toserver http_raw_uri (http)": 2
[1 - Suricata-Main] 2025-09-13 11:25:52 Perf: detect: AppLayer MPM "toserver http_raw_uri (http2)": 2
[1 - Suricata-Main] 2025-09-13 11:25:52 Perf: detect: AppLayer MPM "toserver http_raw_uri (http2)": 2
[1 - Suricata-Main] 2025-09-13 11:25:52 Perf: detect: AppLayer MPM "toserver http_request_line (http)": 8
[1 - Suricata-Main] 2025-09-13 11:25:52 Perf: detect: AppLayer MPM "toserver http_request_line (http2)": 8
[1 - Suricata-Main] 2025-09-13 11:25:52 Perf: detect: AppLayer MPM "toserver http_client_body (http)": 14
[1 - Suricata-Main] 2025-09-13 11:25:52 Perf: detect: AppLayer MPM "toserver http_client_body (http)": 2
[1 - Suricata-Main] 2025-09-13 11:25:52 Perf: detect: AppLayer MPM "toserver http_client_body (http2)": 14
[1 - Suricata-Main] 2025-09-13 11:25:52 Perf: detect: AppLayer MPM "toserver http_client_body (http2)": 2
[1 - Suricata-Main] 2025-09-13 11:25:52 Perf: detect: AppLayer MPM "toclient http_response_line (http)": 2
[1 - Suricata-Main] 2025-09-13 11:25:52 Perf: detect: AppLayer MPM "toclient http_response_line (http2)": 2
[1 - Suricata-Main] 2025-09-13 11:25:52 Perf: detect: AppLayer MPM "toserver http_header (http)": 10
[1 - Suricata-Main] 2025-09-13 11:25:52 Perf: detect: AppLayer MPM "toserver http_header (http)": 1
[1 - Suricata-Main] 2025-09-13 11:25:52 Perf: detect: AppLayer MPM "toserver http_header (http)": 4
[1 - Suricata-Main] 2025-09-13 11:25:52 Perf: detect: AppLayer MPM "toserver http_header (http)": 4
[1 - Suricata-Main] 2025-09-13 11:25:52 Perf: detect: AppLayer MPM "toserver http_header (http)": 10
[1 - Suricata-Main] 2025-09-13 11:25:52 Perf: detect: AppLayer MPM "toclient http_header (http)": 10
[1 - Suricata-Main] 2025-09-13 11:25:52 Perf: detect: AppLayer MPM "toclient http_header (http)": 1
[1 - Suricata-Main] 2025-09-13 11:25:52 Perf: detect: AppLayer MPM "toclient http_header (http)": 4
[1 - Suricata-Main] 2025-09-13 11:25:52 Perf: detect: AppLayer MPM "toclient http_header (http)": 4
[1 - Suricata-Main] 2025-09-13 11:25:52 Perf: detect: AppLayer MPM "toclient http_header (http)": 10
[1 - Suricata-Main] 2025-09-13 11:25:52 Perf: detect: AppLayer MPM "toserver http_header (http2)": 10
[1 - Suricata-Main] 2025-09-13 11:25:52 Perf: detect: AppLayer MPM "toserver http_header (http2)": 1
[1 - Suricata-Main] 2025-09-13 11:25:52 Perf: detect: AppLayer MPM "toserver http_header (http2)": 4
[1 - Suricata-Main] 2025-09-13 11:25:52 Perf: detect: AppLayer MPM "toserver http_header (http2)": 4
[1 - Suricata-Main] 2025-09-13 11:25:52 Perf: detect: AppLayer MPM "toserver http_header (http2)": 10
[1 - Suricata-Main] 2025-09-13 11:25:52 Perf: detect: AppLayer MPM "toclient http_header (http2)": 10
[1 - Suricata-Main] 2025-09-13 11:25:52 Perf: detect: AppLayer MPM "toclient http_header (http2)": 1
[1 - Suricata-Main] 2025-09-13 11:25:52 Perf: detect: AppLayer MPM "toclient http_header (http2)": 4
[1 - Suricata-Main] 2025-09-13 11:25:52 Perf: detect: AppLayer MPM "toclient http_header (http2)": 4
[1 - Suricata-Main] 2025-09-13 11:25:52 Perf: detect: AppLayer MPM "toclient http_header (http2)": 10
[1 - Suricata-Main] 2025-09-13 11:25:52 Perf: detect: AppLayer MPM "toserver http_request_header (http2)": 2
[1 - Suricata-Main] 2025-09-13 11:25:52 Perf: detect: AppLayer MPM "toserver http_request_header (http2)": 4
[1 - Suricata-Main] 2025-09-13 11:25:52 Perf: detect: AppLayer MPM "toserver http_request_header (http)": 2
[1 - Suricata-Main] 2025-09-13 11:25:52 Perf: detect: AppLayer MPM "toserver http_request_header (http)": 4
[1 - Suricata-Main] 2025-09-13 11:25:52 Perf: detect: AppLayer MPM "toclient http_response_header (http2)": 2
[1 - Suricata-Main] 2025-09-13 11:25:52 Perf: detect: AppLayer MPM "toclient http_response_header (http2)": 2
[1 - Suricata-Main] 2025-09-13 11:25:52 Perf: detect: AppLayer MPM "toclient http_response_header (http2)": 2
[1 - Suricata-Main] 2025-09-13 11:25:52 Perf: detect: AppLayer MPM "toclient http_response_header (http2)": 2
[1 - Suricata-Main] 2025-09-13 11:25:52 Perf: detect: AppLayer MPM "toclient http_response_header (http)": 2
[1 - Suricata-Main] 2025-09-13 11:25:52 Perf: detect: AppLayer MPM "toclient http_response_header (http)": 2
[1 - Suricata-Main] 2025-09-13 11:25:52 Perf: detect: AppLayer MPM "toclient http_response_header (http)": 2
[1 - Suricata-Main] 2025-09-13 11:25:52 Perf: detect: AppLayer MPM "toclient http_response_header (http)": 2
[1 - Suricata-Main] 2025-09-13 11:25:52 Perf: detect: AppLayer MPM "toserver http_header_names (http)": 11
[1 - Suricata-Main] 2025-09-13 11:25:52 Perf: detect: AppLayer MPM "toserver http_header_names (http)": 1
[1 - Suricata-Main] 2025-09-13 11:25:52 Perf: detect: AppLayer MPM "toserver http_header_names (http)": 2
[1 - Suricata-Main] 2025-09-13 11:25:52 Perf: detect: AppLayer MPM "toserver http_header_names (http)": 4
[1 - Suricata-Main] 2025-09-13 11:25:52 Perf: detect: AppLayer MPM "toserver http_header_names (http)": 8
[1 - Suricata-Main] 2025-09-13 11:25:52 Perf: detect: AppLayer MPM "toclient http_header_names (http)": 11
[1 - Suricata-Main] 2025-09-13 11:25:52 Perf: detect: AppLayer MPM "toclient http_header_names (http)": 1
[1 - Suricata-Main] 2025-09-13 11:25:52 Perf: detect: AppLayer MPM "toclient http_header_names (http)": 2
[1 - Suricata-Main] 2025-09-13 11:25:52 Perf: detect: AppLayer MPM "toclient http_header_names (http)": 4
[1 - Suricata-Main] 2025-09-13 11:25:52 Perf: detect: AppLayer MPM "toclient http_header_names (http)": 8
[1 - Suricata-Main] 2025-09-13 11:25:52 Perf: detect: AppLayer MPM "toserver http_header_names (http2)": 11
[1 - Suricata-Main] 2025-09-13 11:25:52 Perf: detect: AppLayer MPM "toserver http_header_names (http2)": 1
[1 - Suricata-Main] 2025-09-13 11:25:52 Perf: detect: AppLayer MPM "toserver http_header_names (http2)": 2
[1 - Suricata-Main] 2025-09-13 11:25:52 Perf: detect: AppLayer MPM "toserver http_header_names (http2)": 4
[1 - Suricata-Main] 2025-09-13 11:25:52 Perf: detect: AppLayer MPM "toserver http_header_names (http2)": 8
[1 - Suricata-Main] 2025-09-13 11:25:52 Perf: detect: AppLayer MPM "toclient http_header_names (http2)": 11
[1 - Suricata-Main] 2025-09-13 11:25:52 Perf: detect: AppLayer MPM "toclient http_header_names (http2)": 1
[1 - Suricata-Main] 2025-09-13 11:25:52 Perf: detect: AppLayer MPM "toclient http_header_names (http2)": 2
[1 - Suricata-Main] 2025-09-13 11:25:52 Perf: detect: AppLayer MPM "toclient http_header_names (http2)": 4
[1 - Suricata-Main] 2025-09-13 11:25:52 Perf: detect: AppLayer MPM "toclient http_header_names (http2)": 8
[1 - Suricata-Main] 2025-09-13 11:25:52 Perf: detect: AppLayer MPM "toserver http_accept (http)": 8
[1 - Suricata-Main] 2025-09-13 11:25:52 Perf: detect: AppLayer MPM "toserver http_accept (http2)": 8
[1 - Suricata-Main] 2025-09-13 11:25:52 Perf: detect: AppLayer MPM "toserver http_accept_enc (http)": 2
[1 - Suricata-Main] 2025-09-13 11:25:52 Perf: detect: AppLayer MPM "toserver http_accept_enc (http2)": 2
[1 - Suricata-Main] 2025-09-13 11:25:52 Perf: detect: AppLayer MPM "toserver http_accept_lang (http)": 2
[1 - Suricata-Main] 2025-09-13 11:25:52 Perf: detect: AppLayer MPM "toserver http_accept_lang (http2)": 2
[1 - Suricata-Main] 2025-09-13 11:25:52 Perf: detect: AppLayer MPM "toserver http_referer (http)": 2
[1 - Suricata-Main] 2025-09-13 11:25:52 Perf: detect: AppLayer MPM "toserver http_referer (http2)": 2
[1 - Suricata-Main] 2025-09-13 11:25:52 Perf: detect: AppLayer MPM "toserver http_connection (http)": 2
[1 - Suricata-Main] 2025-09-13 11:25:52 Perf: detect: AppLayer MPM "toserver http_connection (http2)": 2
[1 - Suricata-Main] 2025-09-13 11:25:52 Perf: detect: AppLayer MPM "toclient http_connection (http)": 2
[1 - Suricata-Main] 2025-09-13 11:25:52 Perf: detect: AppLayer MPM "toclient http_connection (http2)": 2
[1 - Suricata-Main] 2025-09-13 11:25:52 Perf: detect: AppLayer MPM "toserver http_content_len (http)": 4
[1 - Suricata-Main] 2025-09-13 11:25:52 Perf: detect: AppLayer MPM "toserver http_content_len (http2)": 4
[1 - Suricata-Main] 2025-09-13 11:25:52 Perf: detect: AppLayer MPM "toclient http_content_len (http)": 4
[1 - Suricata-Main] 2025-09-13 11:25:52 Perf: detect: AppLayer MPM "toclient http_content_len (http2)": 4
[1 - Suricata-Main] 2025-09-13 11:25:52 Perf: detect: AppLayer MPM "toserver http_content_type (http)": 4
[1 - Suricata-Main] 2025-09-13 11:25:52 Perf: detect: AppLayer MPM "toserver http_content_type (http2)": 4
[1 - Suricata-Main] 2025-09-13 11:25:52 Perf: detect: AppLayer MPM "toclient http_content_type (http)": 4
[1 - Suricata-Main] 2025-09-13 11:25:52 Perf: detect: AppLayer MPM "toclient http_content_type (http2)": 4
[1 - Suricata-Main] 2025-09-13 11:25:52 Perf: detect: AppLayer MPM "toclient http.server (http)": 4
[1 - Suricata-Main] 2025-09-13 11:25:52 Perf: detect: AppLayer MPM "toclient http.server (http2)": 4
[1 - Suricata-Main] 2025-09-13 11:25:52 Perf: detect: AppLayer MPM "toclient http.location (http)": 2
[1 - Suricata-Main] 2025-09-13 11:25:52 Perf: detect: AppLayer MPM "toclient http.location (http2)": 2
[1 - Suricata-Main] 2025-09-13 11:25:52 Perf: detect: AppLayer MPM "toserver http_start (http)": 6
[1 - Suricata-Main] 2025-09-13 11:25:52 Perf: detect: AppLayer MPM "toclient http_start (http)": 6
[1 - Suricata-Main] 2025-09-13 11:25:52 Perf: detect: AppLayer MPM "toserver http_raw_header (http)": 4
[1 - Suricata-Main] 2025-09-13 11:25:52 Perf: detect: AppLayer MPM "toserver http_raw_header (http)": 2
[1 - Suricata-Main] 2025-09-13 11:25:52 Perf: detect: AppLayer MPM "toserver http_raw_header (http)": 4
[1 - Suricata-Main] 2025-09-13 11:25:52 Perf: detect: AppLayer MPM "toclient http_raw_header (http)": 4
[1 - Suricata-Main] 2025-09-13 11:25:52 Perf: detect: AppLayer MPM "toclient http_raw_header (http)": 2
[1 - Suricata-Main] 2025-09-13 11:25:52 Perf: detect: AppLayer MPM "toclient http_raw_header (http)": 4
[1 - Suricata-Main] 2025-09-13 11:25:52 Perf: detect: AppLayer MPM "toserver http_raw_header (http2)": 4
[1 - Suricata-Main] 2025-09-13 11:25:52 Perf: detect: AppLayer MPM "toserver http_raw_header (http2)": 2
[1 - Suricata-Main] 2025-09-13 11:25:52 Perf: detect: AppLayer MPM "toserver http_raw_header (http2)": 4
[1 - Suricata-Main] 2025-09-13 11:25:52 Perf: detect: AppLayer MPM "toclient http_raw_header (http2)": 4
[1 - Suricata-Main] 2025-09-13 11:25:52 Perf: detect: AppLayer MPM "toclient http_raw_header (http2)": 2
[1 - Suricata-Main] 2025-09-13 11:25:52 Perf: detect: AppLayer MPM "toclient http_raw_header (http2)": 4
[1 - Suricata-Main] 2025-09-13 11:25:52 Perf: detect: AppLayer MPM "toserver http_method (http)": 4
[1 - Suricata-Main] 2025-09-13 11:25:52 Perf: detect: AppLayer MPM "toserver http_method (http2)": 4
[1 - Suricata-Main] 2025-09-13 11:25:52 Perf: detect: AppLayer MPM "toserver http_cookie (http)": 8
[1 - Suricata-Main] 2025-09-13 11:25:52 Perf: detect: AppLayer MPM "toclient http_cookie (http)": 8
[1 - Suricata-Main] 2025-09-13 11:25:52 Perf: detect: AppLayer MPM "toserver http_cookie (http2)": 8
[1 - Suricata-Main] 2025-09-13 11:25:52 Perf: detect: AppLayer MPM "toclient http_cookie (http2)": 8
[1 - Suricata-Main] 2025-09-13 11:25:52 Perf: detect: AppLayer MPM "toserver http_user_agent (http)": 15
[1 - Suricata-Main] 2025-09-13 11:25:52 Perf: detect: AppLayer MPM "toserver http_user_agent (http2)": 15
[1 - Suricata-Main] 2025-09-13 11:25:52 Perf: detect: AppLayer MPM "toserver http_host (http)": 2
[1 - Suricata-Main] 2025-09-13 11:25:52 Perf: detect: AppLayer MPM "toserver http_host (http)": 4
[1 - Suricata-Main] 2025-09-13 11:25:52 Perf: detect: AppLayer MPM "toserver http_host (http2)": 2
[1 - Suricata-Main] 2025-09-13 11:25:52 Perf: detect: AppLayer MPM "toserver http_host (http2)": 4
[1 - Suricata-Main] 2025-09-13 11:25:52 Perf: detect: AppLayer MPM "toserver http_raw_host (http)": 2
[1 - Suricata-Main] 2025-09-13 11:25:52 Perf: detect: AppLayer MPM "toserver http_raw_host (http2)": 2
[1 - Suricata-Main] 2025-09-13 11:25:52 Perf: detect: AppLayer MPM "toclient http_stat_code (http)": 4
[1 - Suricata-Main] 2025-09-13 11:25:52 Perf: detect: AppLayer MPM "toclient http_stat_code (http2)": 4
[1 - Suricata-Main] 2025-09-13 11:25:52 Perf: detect: AppLayer MPM "toserver dns_query (dns)": 2
[1 - Suricata-Main] 2025-09-13 11:25:52 Perf: detect: AppLayer MPM "toserver dns_query (dns)": 1
[1 - Suricata-Main] 2025-09-13 11:25:52 Perf: detect: AppLayer MPM "toserver tls.sni (tls)": 3
[1 - Suricata-Main] 2025-09-13 11:25:52 Perf: detect: AppLayer MPM "toserver tls.sni (tls)": 1
[1 - Suricata-Main] 2025-09-13 11:25:52 Perf: detect: AppLayer MPM "toserver tls.cert_issuer (tls)": 6
[1 - Suricata-Main] 2025-09-13 11:25:52 Perf: detect: AppLayer MPM "toclient tls.cert_issuer (tls)": 6
[1 - Suricata-Main] 2025-09-13 11:25:52 Perf: detect: AppLayer MPM "toserver tls.cert_subject (tls)": 4
[1 - Suricata-Main] 2025-09-13 11:25:52 Perf: detect: AppLayer MPM "toclient tls.cert_subject (tls)": 4
[1 - Suricata-Main] 2025-09-13 11:25:52 Perf: detect: AppLayer MPM "toclient tls.cert_serial (tls)": 2
[1 - Suricata-Main] 2025-09-13 11:25:52 Perf: detect: AppLayer MPM "toserver tls.cert_serial (tls)": 2
[1 - Suricata-Main] 2025-09-13 11:25:52 Perf: detect: AppLayer MPM "toclient tls.cert_fingerprint (tls)": 1
[1 - Suricata-Main] 2025-09-13 11:25:52 Perf: detect: AppLayer MPM "toserver tls.cert_fingerprint (tls)": 1
[1 - Suricata-Main] 2025-09-13 11:25:52 Perf: detect: AppLayer MPM "toclient tls.certs (tls)": 2
[1 - Suricata-Main] 2025-09-13 11:25:52 Perf: detect: AppLayer MPM "toserver tls.certs (tls)": 2
[1 - Suricata-Main] 2025-09-13 11:25:52 Perf: detect: AppLayer MPM "toserver ja3.hash (tls)": 2
[1 - Suricata-Main] 2025-09-13 11:25:52 Perf: detect: AppLayer MPM "toserver ja3.hash (quic)": 2
[1 - Suricata-Main] 2025-09-13 11:25:52 Perf: detect: AppLayer MPM "toclient ja3s.hash (tls)": 1
[1 - Suricata-Main] 2025-09-13 11:25:52 Perf: detect: AppLayer MPM "toclient ja3s.hash (quic)": 1
[1 - Suricata-Main] 2025-09-13 11:25:52 Perf: detect: AppLayer MPM "toserver ssh.proto (ssh)": 1
[1 - Suricata-Main] 2025-09-13 11:25:52 Perf: detect: AppLayer MPM "toclient ssh.proto (ssh)": 1
[1 - Suricata-Main] 2025-09-13 11:25:52 Perf: detect: AppLayer MPM "toserver ssh_software (ssh)": 1
[1 - Suricata-Main] 2025-09-13 11:25:52 Perf: detect: AppLayer MPM "toclient ssh_software (ssh)": 1
[1 - Suricata-Main] 2025-09-13 11:25:52 Perf: detect: AppLayer MPM "toclient file_data (nfs)": 17
[1 - Suricata-Main] 2025-09-13 11:25:52 Perf: detect: AppLayer MPM "toclient file_data (nfs)": 2
[1 - Suricata-Main] 2025-09-13 11:25:52 Perf: detect: AppLayer MPM "toserver file_data (nfs)": 17
[1 - Suricata-Main] 2025-09-13 11:25:52 Perf: detect: AppLayer MPM "toserver file_data (nfs)": 2
[1 - Suricata-Main] 2025-09-13 11:25:52 Perf: detect: AppLayer MPM "toclient file_data (smb)": 17
[1 - Suricata-Main] 2025-09-13 11:25:52 Perf: detect: AppLayer MPM "toclient file_data (smb)": 2
[1 - Suricata-Main] 2025-09-13 11:25:52 Perf: detect: AppLayer MPM "toserver file_data (smb)": 17
[1 - Suricata-Main] 2025-09-13 11:25:52 Perf: detect: AppLayer MPM "toserver file_data (smb)": 2
[1 - Suricata-Main] 2025-09-13 11:25:52 Perf: detect: AppLayer MPM "toclient file_data (ftp)": 17
[1 - Suricata-Main] 2025-09-13 11:25:52 Perf: detect: AppLayer MPM "toclient file_data (ftp)": 2
[1 - Suricata-Main] 2025-09-13 11:25:52 Perf: detect: AppLayer MPM "toserver file_data (ftp)": 17
[1 - Suricata-Main] 2025-09-13 11:25:52 Perf: detect: AppLayer MPM "toserver file_data (ftp)": 2
[1 - Suricata-Main] 2025-09-13 11:25:52 Perf: detect: AppLayer MPM "toclient file_data (ftp-data)": 17
[1 - Suricata-Main] 2025-09-13 11:25:52 Perf: detect: AppLayer MPM "toclient file_data (ftp-data)": 2
[1 - Suricata-Main] 2025-09-13 11:25:52 Perf: detect: AppLayer MPM "toserver file_data (ftp-data)": 17
[1 - Suricata-Main] 2025-09-13 11:25:52 Perf: detect: AppLayer MPM "toserver file_data (ftp-data)": 2
[1 - Suricata-Main] 2025-09-13 11:25:52 Perf: detect: AppLayer MPM "toclient file_data (http)": 17
[1 - Suricata-Main] 2025-09-13 11:25:52 Perf: detect: AppLayer MPM "toclient file_data (http)": 2
[1 - Suricata-Main] 2025-09-13 11:25:52 Perf: detect: AppLayer MPM "toserver file_data (http)": 17
[1 - Suricata-Main] 2025-09-13 11:25:52 Perf: detect: AppLayer MPM "toserver file_data (http)": 2
[1 - Suricata-Main] 2025-09-13 11:25:52 Perf: detect: AppLayer MPM "toclient file_data (http2)": 17
[1 - Suricata-Main] 2025-09-13 11:25:52 Perf: detect: AppLayer MPM "toclient file_data (http2)": 2
[1 - Suricata-Main] 2025-09-13 11:25:52 Perf: detect: AppLayer MPM "toserver file_data (http2)": 17
[1 - Suricata-Main] 2025-09-13 11:25:52 Perf: detect: AppLayer MPM "toserver file_data (http2)": 2
[1 - Suricata-Main] 2025-09-13 11:25:52 Perf: detect: AppLayer MPM "toserver file_data (smtp)": 17
[1 - Suricata-Main] 2025-09-13 11:25:52 Perf: detect: AppLayer MPM "toserver file_data (smtp)": 2
[1 - Suricata-Main] 2025-09-13 11:25:52 Perf: detect: Pkt MPM "icmpv6.hdr": 1
[1 - Suricata-Main] 2025-09-13 11:25:52 Perf: detect: Pkt MPM "ipv6.hdr": 1
[1 - Suricata-Main] 2025-09-13 11:26:37 Perf: af-packet: wlx90de80fb6413: cluster_flow: 4 cores, using 4 threads
[1 - Suricata-Main] 2025-09-13 11:26:37 Perf: ioctl: wlx90de80fb6413: disabling gro offloading
[1 - Suricata-Main] 2025-09-13 11:26:37 Warning: af-packet: wlx90de80fb6413: AF_PACKET tpacket-v3 is recommended for non-inline operation
[1 - Suricata-Main] 2025-09-13 11:26:37 Info: runmodes: wlx90de80fb6413: creating 4 threads
[1 - Suricata-Main] 2025-09-13 11:26:37 Info: unix-manager: unix socket '/var/run/suricata/suricata-command.socket'
[16 - W#01-wlx9..6413] 2025-09-13 11:26:37 Perf: af-packet: wlx90de80fb6413: rx ring: block_size=131072 block_nr=37 frame_size=9296 frame_nr=518
[17 - W#02-wlx9..6413] 2025-09-13 11:26:38 Perf: af-packet: wlx90de80fb6413: rx ring: block_size=131072 block_nr=37 frame_size=9296 frame_nr=518
[18 - W#03-wlx9..6413] 2025-09-13 11:26:38 Perf: af-packet: wlx90de80fb6413: rx ring: block_size=131072 block_nr=37 frame_size=9296 frame_nr=518
[19 - W#04-wlx9..6413] 2025-09-13 11:26:38 Perf: af-packet: wlx90de80fb6413: rx ring: block_size=131072 block_nr=37 frame_size=9296 frame_nr=518
[1 - Suricata-Main] 2025-09-13 11:26:38 Notice: threads: Threads created -> W: 4 FM: 1 FR: 1   Engine started.
[1 - Suricata-Main] 2025-09-13 11:40:43 Notice: suricata: Signal Received.  Stopping engine.
[1 - Suricata-Main] 2025-09-13 11:40:43 Info: suricata: time elapsed 845.811s
[21 - FR#01] 2025-09-13 11:40:44 Perf: flow-manager: 4 flows processed
[16 - W#01-wlx9..6413] 2025-09-13 11:40:44 Perf: af-packet: wlx90de80fb6413: (W#01-wlx9..6413) kernel: Packets 486, dropped 0
[17 - W#02-wlx9..6413] 2025-09-13 11:40:44 Perf: af-packet: wlx90de80fb6413: (W#02-wlx9..6413) kernel: Packets 419, dropped 0
[18 - W#03-wlx9..6413] 2025-09-13 11:40:44 Perf: af-packet: wlx90de80fb6413: (W#03-wlx9..6413) kernel: Packets 415, dropped 0
[19 - W#04-wlx9..6413] 2025-09-13 11:40:44 Perf: af-packet: wlx90de80fb6413: (W#04-wlx9..6413) kernel: Packets 548, dropped 0
[1 - Suricata-Main] 2025-09-13 11:40:44 Info: counters: Alerts: 0
[1 - Suricata-Main] 2025-09-13 11:40:44 Perf: ippair: ippair memory usage: 414144 bytes, maximum: 16777216
[1 - Suricata-Main] 2025-09-13 11:40:44 Perf: host: host memory usage: 398144 bytes, maximum: 33554432
[1 - Suricata-Main] 2025-09-13 11:40:45 Notice: device: wlx90de80fb6413: packets: 1868, drops: 0 (0.00%), invalid chksum: 0
[1 - Suricata-Main] 2025-09-13 11:40:45 Perf: ioctl: wlx90de80fb6413: restoring gro offloading
[1 - Suricata-Main] 2025-09-13 11:41:05 Notice: suricata: This is Suricata version 7.0.11 RELEASE running in SYSTEM mode
[1 - Suricata-Main] 2025-09-13 11:41:05 Info: cpu: CPUs/cores online: 4
[1 - Suricata-Main] 2025-09-13 11:41:05 Info: device: wlx90de80fb6413: shortening device name to wlx9..6413
[1 - Suricata-Main] 2025-09-13 11:41:05 Info: suricata: Setting engine mode to IDS mode by default
[1 - Suricata-Main] 2025-09-13 11:41:05 Info: exception-policy: master exception-policy set to: auto
[1 - Suricata-Main] 2025-09-13 11:41:05 Info: conf: Running in live mode, activating unix socket
[1 - Suricata-Main] 2025-09-13 11:41:05 Info: logopenfile: fast output device (regular) initialized: fast.log
[1 - Suricata-Main] 2025-09-13 11:41:05 Info: logopenfile: eve-log output device (regular) initialized: eve.json
[1 - Suricata-Main] 2025-09-13 11:41:05 Info: logopenfile: stats output device (regular) initialized: stats.log
[1 - Suricata-Main] 2025-09-13 11:41:28 Info: detect: 1 rule files processed. 44154 rules successfully loaded, 0 rules failed, 0
[1 - Suricata-Main] 2025-09-13 11:41:28 Info: threshold-config: Threshold config parsed: 0 rule(s) found
[1 - Suricata-Main] 2025-09-13 11:41:29 Info: detect: 44157 signatures processed. 938 are IP-only rules, 4364 are inspecting packet payload, 38633 inspect application layer, 109 are decoder event only
[1 - Suricata-Main] 2025-09-13 11:41:29 Perf: detect: TCP toserver: 41 port groups, 40 unique SGH's, 1 copies
[1 - Suricata-Main] 2025-09-13 11:41:29 Perf: detect: TCP toclient: 21 port groups, 21 unique SGH's, 0 copies
[1 - Suricata-Main] 2025-09-13 11:41:29 Perf: detect: UDP toserver: 41 port groups, 40 unique SGH's, 1 copies
[1 - Suricata-Main] 2025-09-13 11:41:29 Perf: detect: UDP toclient: 21 port groups, 17 unique SGH's, 4 copies
[1 - Suricata-Main] 2025-09-13 11:41:29 Perf: detect: OTHER toserver: 254 proto groups, 4 unique SGH's, 250 copies
[1 - Suricata-Main] 2025-09-13 11:41:29 Perf: detect: OTHER toclient: 254 proto groups, 0 unique SGH's, 254 copies
[1 - Suricata-Main] 2025-09-13 11:41:30 Perf: detect: Unique rule groups: 122
[1 - Suricata-Main] 2025-09-13 11:41:30 Perf: detect: Builtin MPM "toserver TCP packet": 32
[1 - Suricata-Main] 2025-09-13 11:41:30 Perf: detect: Builtin MPM "toclient TCP packet": 20
[1 - Suricata-Main] 2025-09-13 11:41:30 Perf: detect: Builtin MPM "toserver TCP stream": 33
[1 - Suricata-Main] 2025-09-13 11:41:30 Perf: detect: Builtin MPM "toclient TCP stream": 19
[1 - Suricata-Main] 2025-09-13 11:41:30 Perf: detect: Builtin MPM "toserver UDP packet": 40
[1 - Suricata-Main] 2025-09-13 11:41:30 Perf: detect: Builtin MPM "toclient UDP packet": 17
[1 - Suricata-Main] 2025-09-13 11:41:30 Perf: detect: Builtin MPM "other IP packet": 3
[1 - Suricata-Main] 2025-09-13 11:41:30 Perf: detect: AppLayer MPM "toserver http_uri (http)": 16
[1 - Suricata-Main] 2025-09-13 11:41:30 Perf: detect: AppLayer MPM "toserver http_uri (http)": 2
[1 - Suricata-Main] 2025-09-13 11:41:30 Perf: detect: AppLayer MPM "toserver http_uri (http2)": 16
[1 - Suricata-Main] 2025-09-13 11:41:30 Perf: detect: AppLayer MPM "toserver http_uri (http2)": 2
[1 - Suricata-Main] 2025-09-13 11:41:30 Perf: detect: AppLayer MPM "toserver http_raw_uri (http)": 2
[1 - Suricata-Main] 2025-09-13 11:41:30 Perf: detect: AppLayer MPM "toserver http_raw_uri (http)": 2
[1 - Suricata-Main] 2025-09-13 11:41:30 Perf: detect: AppLayer MPM "toserver http_raw_uri (http2)": 2
[1 - Suricata-Main] 2025-09-13 11:41:30 Perf: detect: AppLayer MPM "toserver http_raw_uri (http2)": 2
[1 - Suricata-Main] 2025-09-13 11:41:30 Perf: detect: AppLayer MPM "toserver http_request_line (http)": 8
[1 - Suricata-Main] 2025-09-13 11:41:30 Perf: detect: AppLayer MPM "toserver http_request_line (http2)": 8
[1 - Suricata-Main] 2025-09-13 11:41:30 Perf: detect: AppLayer MPM "toserver http_client_body (http)": 14
[1 - Suricata-Main] 2025-09-13 11:41:30 Perf: detect: AppLayer MPM "toserver http_client_body (http)": 2
[1 - Suricata-Main] 2025-09-13 11:41:30 Perf: detect: AppLayer MPM "toserver http_client_body (http2)": 14
[1 - Suricata-Main] 2025-09-13 11:41:30 Perf: detect: AppLayer MPM "toserver http_client_body (http2)": 2
[1 - Suricata-Main] 2025-09-13 11:41:30 Perf: detect: AppLayer MPM "toclient http_response_line (http)": 2
[1 - Suricata-Main] 2025-09-13 11:41:30 Perf: detect: AppLayer MPM "toclient http_response_line (http2)": 2
[1 - Suricata-Main] 2025-09-13 11:41:30 Perf: detect: AppLayer MPM "toserver http_header (http)": 10
[1 - Suricata-Main] 2025-09-13 11:41:30 Perf: detect: AppLayer MPM "toserver http_header (http)": 1
[1 - Suricata-Main] 2025-09-13 11:41:30 Perf: detect: AppLayer MPM "toserver http_header (http)": 4
[1 - Suricata-Main] 2025-09-13 11:41:30 Perf: detect: AppLayer MPM "toserver http_header (http)": 4
[1 - Suricata-Main] 2025-09-13 11:41:30 Perf: detect: AppLayer MPM "toserver http_header (http)": 10
[1 - Suricata-Main] 2025-09-13 11:41:30 Perf: detect: AppLayer MPM "toclient http_header (http)": 10
[1 - Suricata-Main] 2025-09-13 11:41:30 Perf: detect: AppLayer MPM "toclient http_header (http)": 1
[1 - Suricata-Main] 2025-09-13 11:41:30 Perf: detect: AppLayer MPM "toclient http_header (http)": 4
[1 - Suricata-Main] 2025-09-13 11:41:30 Perf: detect: AppLayer MPM "toclient http_header (http)": 4
[1 - Suricata-Main] 2025-09-13 11:41:30 Perf: detect: AppLayer MPM "toclient http_header (http)": 10
[1 - Suricata-Main] 2025-09-13 11:41:30 Perf: detect: AppLayer MPM "toserver http_header (http2)": 10
[1 - Suricata-Main] 2025-09-13 11:41:30 Perf: detect: AppLayer MPM "toserver http_header (http2)": 1
[1 - Suricata-Main] 2025-09-13 11:41:30 Perf: detect: AppLayer MPM "toserver http_header (http2)": 4
[1 - Suricata-Main] 2025-09-13 11:41:30 Perf: detect: AppLayer MPM "toserver http_header (http2)": 4
[1 - Suricata-Main] 2025-09-13 11:41:30 Perf: detect: AppLayer MPM "toserver http_header (http2)": 10
[1 - Suricata-Main] 2025-09-13 11:41:30 Perf: detect: AppLayer MPM "toclient http_header (http2)": 10
[1 - Suricata-Main] 2025-09-13 11:41:30 Perf: detect: AppLayer MPM "toclient http_header (http2)": 1
[1 - Suricata-Main] 2025-09-13 11:41:30 Perf: detect: AppLayer MPM "toclient http_header (http2)": 4
[1 - Suricata-Main] 2025-09-13 11:41:30 Perf: detect: AppLayer MPM "toclient http_header (http2)": 4
[1 - Suricata-Main] 2025-09-13 11:41:30 Perf: detect: AppLayer MPM "toclient http_header (http2)": 10
[1 - Suricata-Main] 2025-09-13 11:41:30 Perf: detect: AppLayer MPM "toserver http_request_header (http2)": 2
[1 - Suricata-Main] 2025-09-13 11:41:30 Perf: detect: AppLayer MPM "toserver http_request_header (http2)": 4
[1 - Suricata-Main] 2025-09-13 11:41:30 Perf: detect: AppLayer MPM "toserver http_request_header (http)": 2
[1 - Suricata-Main] 2025-09-13 11:41:30 Perf: detect: AppLayer MPM "toserver http_request_header (http)": 4
[1 - Suricata-Main] 2025-09-13 11:41:30 Perf: detect: AppLayer MPM "toclient http_response_header (http2)": 2
[1 - Suricata-Main] 2025-09-13 11:41:30 Perf: detect: AppLayer MPM "toclient http_response_header (http2)": 2
[1 - Suricata-Main] 2025-09-13 11:41:30 Perf: detect: AppLayer MPM "toclient http_response_header (http2)": 2
[1 - Suricata-Main] 2025-09-13 11:41:30 Perf: detect: AppLayer MPM "toclient http_response_header (http2)": 2
[1 - Suricata-Main] 2025-09-13 11:41:30 Perf: detect: AppLayer MPM "toclient http_response_header (http)": 2
[1 - Suricata-Main] 2025-09-13 11:41:30 Perf: detect: AppLayer MPM "toclient http_response_header (http)": 2
[1 - Suricata-Main] 2025-09-13 11:41:30 Perf: detect: AppLayer MPM "toclient http_response_header (http)": 2
[1 - Suricata-Main] 2025-09-13 11:41:30 Perf: detect: AppLayer MPM "toclient http_response_header (http)": 2
[1 - Suricata-Main] 2025-09-13 11:41:30 Perf: detect: AppLayer MPM "toserver http_header_names (http)": 11
[1 - Suricata-Main] 2025-09-13 11:41:30 Perf: detect: AppLayer MPM "toserver http_header_names (http)": 1
[1 - Suricata-Main] 2025-09-13 11:41:30 Perf: detect: AppLayer MPM "toserver http_header_names (http)": 2
[1 - Suricata-Main] 2025-09-13 11:41:30 Perf: detect: AppLayer MPM "toserver http_header_names (http)": 4
[1 - Suricata-Main] 2025-09-13 11:41:30 Perf: detect: AppLayer MPM "toserver http_header_names (http)": 8
[1 - Suricata-Main] 2025-09-13 11:41:30 Perf: detect: AppLayer MPM "toclient http_header_names (http)": 11
[1 - Suricata-Main] 2025-09-13 11:41:30 Perf: detect: AppLayer MPM "toclient http_header_names (http)": 1
[1 - Suricata-Main] 2025-09-13 11:41:30 Perf: detect: AppLayer MPM "toclient http_header_names (http)": 2
[1 - Suricata-Main] 2025-09-13 11:41:30 Perf: detect: AppLayer MPM "toclient http_header_names (http)": 4
[1 - Suricata-Main] 2025-09-13 11:41:30 Perf: detect: AppLayer MPM "toclient http_header_names (http)": 8
[1 - Suricata-Main] 2025-09-13 11:41:30 Perf: detect: AppLayer MPM "toserver http_header_names (http2)": 11
[1 - Suricata-Main] 2025-09-13 11:41:30 Perf: detect: AppLayer MPM "toserver http_header_names (http2)": 1
[1 - Suricata-Main] 2025-09-13 11:41:30 Perf: detect: AppLayer MPM "toserver http_header_names (http2)": 2
[1 - Suricata-Main] 2025-09-13 11:41:30 Perf: detect: AppLayer MPM "toserver http_header_names (http2)": 4
[1 - Suricata-Main] 2025-09-13 11:41:30 Perf: detect: AppLayer MPM "toserver http_header_names (http2)": 8
[1 - Suricata-Main] 2025-09-13 11:41:30 Perf: detect: AppLayer MPM "toclient http_header_names (http2)": 11
[1 - Suricata-Main] 2025-09-13 11:41:30 Perf: detect: AppLayer MPM "toclient http_header_names (http2)": 1
[1 - Suricata-Main] 2025-09-13 11:41:30 Perf: detect: AppLayer MPM "toclient http_header_names (http2)": 2
[1 - Suricata-Main] 2025-09-13 11:41:30 Perf: detect: AppLayer MPM "toclient http_header_names (http2)": 4
[1 - Suricata-Main] 2025-09-13 11:41:30 Perf: detect: AppLayer MPM "toclient http_header_names (http2)": 8
[1 - Suricata-Main] 2025-09-13 11:41:30 Perf: detect: AppLayer MPM "toserver http_accept (http)": 8
[1 - Suricata-Main] 2025-09-13 11:41:30 Perf: detect: AppLayer MPM "toserver http_accept (http2)": 8
[1 - Suricata-Main] 2025-09-13 11:41:30 Perf: detect: AppLayer MPM "toserver http_accept_enc (http)": 2
[1 - Suricata-Main] 2025-09-13 11:41:30 Perf: detect: AppLayer MPM "toserver http_accept_enc (http2)": 2
[1 - Suricata-Main] 2025-09-13 11:41:30 Perf: detect: AppLayer MPM "toserver http_accept_lang (http)": 2
[1 - Suricata-Main] 2025-09-13 11:41:30 Perf: detect: AppLayer MPM "toserver http_accept_lang (http2)": 2
[1 - Suricata-Main] 2025-09-13 11:41:30 Perf: detect: AppLayer MPM "toserver http_referer (http)": 2
[1 - Suricata-Main] 2025-09-13 11:41:30 Perf: detect: AppLayer MPM "toserver http_referer (http2)": 2
[1 - Suricata-Main] 2025-09-13 11:41:30 Perf: detect: AppLayer MPM "toserver http_connection (http)": 2
[1 - Suricata-Main] 2025-09-13 11:41:30 Perf: detect: AppLayer MPM "toserver http_connection (http2)": 2
[1 - Suricata-Main] 2025-09-13 11:41:30 Perf: detect: AppLayer MPM "toclient http_connection (http)": 2
[1 - Suricata-Main] 2025-09-13 11:41:30 Perf: detect: AppLayer MPM "toclient http_connection (http2)": 2
[1 - Suricata-Main] 2025-09-13 11:41:30 Perf: detect: AppLayer MPM "toserver http_content_len (http)": 4
[1 - Suricata-Main] 2025-09-13 11:41:30 Perf: detect: AppLayer MPM "toserver http_content_len (http2)": 4
[1 - Suricata-Main] 2025-09-13 11:41:30 Perf: detect: AppLayer MPM "toclient http_content_len (http)": 4
[1 - Suricata-Main] 2025-09-13 11:41:30 Perf: detect: AppLayer MPM "toclient http_content_len (http2)": 4
[1 - Suricata-Main] 2025-09-13 11:41:30 Perf: detect: AppLayer MPM "toserver http_content_type (http)": 4
[1 - Suricata-Main] 2025-09-13 11:41:30 Perf: detect: AppLayer MPM "toserver http_content_type (http2)": 4
[1 - Suricata-Main] 2025-09-13 11:41:30 Perf: detect: AppLayer MPM "toclient http_content_type (http)": 4
[1 - Suricata-Main] 2025-09-13 11:41:30 Perf: detect: AppLayer MPM "toclient http_content_type (http2)": 4
[1 - Suricata-Main] 2025-09-13 11:41:30 Perf: detect: AppLayer MPM "toclient http.server (http)": 4
[1 - Suricata-Main] 2025-09-13 11:41:30 Perf: detect: AppLayer MPM "toclient http.server (http2)": 4
[1 - Suricata-Main] 2025-09-13 11:41:30 Perf: detect: AppLayer MPM "toclient http.location (http)": 2
[1 - Suricata-Main] 2025-09-13 11:41:30 Perf: detect: AppLayer MPM "toclient http.location (http2)": 2
[1 - Suricata-Main] 2025-09-13 11:41:30 Perf: detect: AppLayer MPM "toserver http_start (http)": 6
[1 - Suricata-Main] 2025-09-13 11:41:30 Perf: detect: AppLayer MPM "toclient http_start (http)": 6
[1 - Suricata-Main] 2025-09-13 11:41:30 Perf: detect: AppLayer MPM "toserver http_raw_header (http)": 4
[1 - Suricata-Main] 2025-09-13 11:41:30 Perf: detect: AppLayer MPM "toserver http_raw_header (http)": 2
[1 - Suricata-Main] 2025-09-13 11:41:30 Perf: detect: AppLayer MPM "toserver http_raw_header (http)": 4
[1 - Suricata-Main] 2025-09-13 11:41:30 Perf: detect: AppLayer MPM "toclient http_raw_header (http)": 4
[1 - Suricata-Main] 2025-09-13 11:41:30 Perf: detect: AppLayer MPM "toclient http_raw_header (http)": 2
[1 - Suricata-Main] 2025-09-13 11:41:30 Perf: detect: AppLayer MPM "toclient http_raw_header (http)": 4
[1 - Suricata-Main] 2025-09-13 11:41:30 Perf: detect: AppLayer MPM "toserver http_raw_header (http2)": 4
[1 - Suricata-Main] 2025-09-13 11:41:30 Perf: detect: AppLayer MPM "toserver http_raw_header (http2)": 2
[1 - Suricata-Main] 2025-09-13 11:41:30 Perf: detect: AppLayer MPM "toserver http_raw_header (http2)": 4
[1 - Suricata-Main] 2025-09-13 11:41:30 Perf: detect: AppLayer MPM "toclient http_raw_header (http2)": 4
[1 - Suricata-Main] 2025-09-13 11:41:30 Perf: detect: AppLayer MPM "toclient http_raw_header (http2)": 2
[1 - Suricata-Main] 2025-09-13 11:41:30 Perf: detect: AppLayer MPM "toclient http_raw_header (http2)": 4
[1 - Suricata-Main] 2025-09-13 11:41:30 Perf: detect: AppLayer MPM "toserver http_method (http)": 4
[1 - Suricata-Main] 2025-09-13 11:41:30 Perf: detect: AppLayer MPM "toserver http_method (http2)": 4
[1 - Suricata-Main] 2025-09-13 11:41:30 Perf: detect: AppLayer MPM "toserver http_cookie (http)": 8
[1 - Suricata-Main] 2025-09-13 11:41:30 Perf: detect: AppLayer MPM "toclient http_cookie (http)": 8
[1 - Suricata-Main] 2025-09-13 11:41:30 Perf: detect: AppLayer MPM "toserver http_cookie (http2)": 8
[1 - Suricata-Main] 2025-09-13 11:41:30 Perf: detect: AppLayer MPM "toclient http_cookie (http2)": 8
[1 - Suricata-Main] 2025-09-13 11:41:30 Perf: detect: AppLayer MPM "toserver http_user_agent (http)": 15
[1 - Suricata-Main] 2025-09-13 11:41:30 Perf: detect: AppLayer MPM "toserver http_user_agent (http2)": 15
[1 - Suricata-Main] 2025-09-13 11:41:30 Perf: detect: AppLayer MPM "toserver http_host (http)": 2
[1 - Suricata-Main] 2025-09-13 11:41:30 Perf: detect: AppLayer MPM "toserver http_host (http)": 4
[1 - Suricata-Main] 2025-09-13 11:41:30 Perf: detect: AppLayer MPM "toserver http_host (http2)": 2
[1 - Suricata-Main] 2025-09-13 11:41:30 Perf: detect: AppLayer MPM "toserver http_host (http2)": 4
[1 - Suricata-Main] 2025-09-13 11:41:30 Perf: detect: AppLayer MPM "toserver http_raw_host (http)": 2
[1 - Suricata-Main] 2025-09-13 11:41:30 Perf: detect: AppLayer MPM "toserver http_raw_host (http2)": 2
[1 - Suricata-Main] 2025-09-13 11:41:30 Perf: detect: AppLayer MPM "toclient http_stat_code (http)": 4
[1 - Suricata-Main] 2025-09-13 11:41:30 Perf: detect: AppLayer MPM "toclient http_stat_code (http2)": 4
[1 - Suricata-Main] 2025-09-13 11:41:30 Perf: detect: AppLayer MPM "toserver dns_query (dns)": 2
[1 - Suricata-Main] 2025-09-13 11:41:30 Perf: detect: AppLayer MPM "toserver dns_query (dns)": 1
[1 - Suricata-Main] 2025-09-13 11:41:30 Perf: detect: AppLayer MPM "toserver tls.sni (tls)": 3
[1 - Suricata-Main] 2025-09-13 11:41:30 Perf: detect: AppLayer MPM "toserver tls.sni (tls)": 1
[1 - Suricata-Main] 2025-09-13 11:41:30 Perf: detect: AppLayer MPM "toserver tls.cert_issuer (tls)": 6
[1 - Suricata-Main] 2025-09-13 11:41:30 Perf: detect: AppLayer MPM "toclient tls.cert_issuer (tls)": 6
[1 - Suricata-Main] 2025-09-13 11:41:30 Perf: detect: AppLayer MPM "toserver tls.cert_subject (tls)": 4
[1 - Suricata-Main] 2025-09-13 11:41:30 Perf: detect: AppLayer MPM "toclient tls.cert_subject (tls)": 4
[1 - Suricata-Main] 2025-09-13 11:41:30 Perf: detect: AppLayer MPM "toclient tls.cert_serial (tls)": 2
[1 - Suricata-Main] 2025-09-13 11:41:30 Perf: detect: AppLayer MPM "toserver tls.cert_serial (tls)": 2
[1 - Suricata-Main] 2025-09-13 11:41:30 Perf: detect: AppLayer MPM "toclient tls.cert_fingerprint (tls)": 1
[1 - Suricata-Main] 2025-09-13 11:41:30 Perf: detect: AppLayer MPM "toserver tls.cert_fingerprint (tls)": 1
[1 - Suricata-Main] 2025-09-13 11:41:30 Perf: detect: AppLayer MPM "toclient tls.certs (tls)": 2
[1 - Suricata-Main] 2025-09-13 11:41:30 Perf: detect: AppLayer MPM "toserver tls.certs (tls)": 2
[1 - Suricata-Main] 2025-09-13 11:41:30 Perf: detect: AppLayer MPM "toserver ja3.hash (tls)": 2
[1 - Suricata-Main] 2025-09-13 11:41:30 Perf: detect: AppLayer MPM "toserver ja3.hash (quic)": 2
[1 - Suricata-Main] 2025-09-13 11:41:30 Perf: detect: AppLayer MPM "toclient ja3s.hash (tls)": 1
[1 - Suricata-Main] 2025-09-13 11:41:30 Perf: detect: AppLayer MPM "toclient ja3s.hash (quic)": 1
[1 - Suricata-Main] 2025-09-13 11:41:30 Perf: detect: AppLayer MPM "toserver ssh.proto (ssh)": 1
[1 - Suricata-Main] 2025-09-13 11:41:30 Perf: detect: AppLayer MPM "toclient ssh.proto (ssh)": 1
[1 - Suricata-Main] 2025-09-13 11:41:30 Perf: detect: AppLayer MPM "toserver ssh_software (ssh)": 1
[1 - Suricata-Main] 2025-09-13 11:41:30 Perf: detect: AppLayer MPM "toclient ssh_software (ssh)": 1
[1 - Suricata-Main] 2025-09-13 11:41:30 Perf: detect: AppLayer MPM "toclient file_data (nfs)": 17
[1 - Suricata-Main] 2025-09-13 11:41:30 Perf: detect: AppLayer MPM "toclient file_data (nfs)": 2
[1 - Suricata-Main] 2025-09-13 11:41:30 Perf: detect: AppLayer MPM "toserver file_data (nfs)": 17
[1 - Suricata-Main] 2025-09-13 11:41:30 Perf: detect: AppLayer MPM "toserver file_data (nfs)": 2
[1 - Suricata-Main] 2025-09-13 11:41:30 Perf: detect: AppLayer MPM "toclient file_data (smb)": 17
[1 - Suricata-Main] 2025-09-13 11:41:30 Perf: detect: AppLayer MPM "toclient file_data (smb)": 2
[1 - Suricata-Main] 2025-09-13 11:41:30 Perf: detect: AppLayer MPM "toserver file_data (smb)": 17
[1 - Suricata-Main] 2025-09-13 11:41:30 Perf: detect: AppLayer MPM "toserver file_data (smb)": 2
[1 - Suricata-Main] 2025-09-13 11:41:30 Perf: detect: AppLayer MPM "toclient file_data (ftp)": 17
[1 - Suricata-Main] 2025-09-13 11:41:30 Perf: detect: AppLayer MPM "toclient file_data (ftp)": 2
[1 - Suricata-Main] 2025-09-13 11:41:30 Perf: detect: AppLayer MPM "toserver file_data (ftp)": 17
[1 - Suricata-Main] 2025-09-13 11:41:30 Perf: detect: AppLayer MPM "toserver file_data (ftp)": 2
[1 - Suricata-Main] 2025-09-13 11:41:30 Perf: detect: AppLayer MPM "toclient file_data (ftp-data)": 17
[1 - Suricata-Main] 2025-09-13 11:41:30 Perf: detect: AppLayer MPM "toclient file_data (ftp-data)": 2
[1 - Suricata-Main] 2025-09-13 11:41:30 Perf: detect: AppLayer MPM "toserver file_data (ftp-data)": 17
[1 - Suricata-Main] 2025-09-13 11:41:30 Perf: detect: AppLayer MPM "toserver file_data (ftp-data)": 2
[1 - Suricata-Main] 2025-09-13 11:41:30 Perf: detect: AppLayer MPM "toclient file_data (http)": 17
[1 - Suricata-Main] 2025-09-13 11:41:30 Perf: detect: AppLayer MPM "toclient file_data (http)": 2
[1 - Suricata-Main] 2025-09-13 11:41:30 Perf: detect: AppLayer MPM "toserver file_data (http)": 17
[1 - Suricata-Main] 2025-09-13 11:41:30 Perf: detect: AppLayer MPM "toserver file_data (http)": 2
[1 - Suricata-Main] 2025-09-13 11:41:30 Perf: detect: AppLayer MPM "toclient file_data (http2)": 17
[1 - Suricata-Main] 2025-09-13 11:41:30 Perf: detect: AppLayer MPM "toclient file_data (http2)": 2
[1 - Suricata-Main] 2025-09-13 11:41:30 Perf: detect: AppLayer MPM "toserver file_data (http2)": 17
[1 - Suricata-Main] 2025-09-13 11:41:30 Perf: detect: AppLayer MPM "toserver file_data (http2)": 2
[1 - Suricata-Main] 2025-09-13 11:41:30 Perf: detect: AppLayer MPM "toserver file_data (smtp)": 17
[1 - Suricata-Main] 2025-09-13 11:41:30 Perf: detect: AppLayer MPM "toserver file_data (smtp)": 2
[1 - Suricata-Main] 2025-09-13 11:41:30 Perf: detect: Pkt MPM "icmpv6.hdr": 1
[1 - Suricata-Main] 2025-09-13 11:41:30 Perf: detect: Pkt MPM "ipv6.hdr": 1
[1 - Suricata-Main] 2025-09-13 11:42:08 Perf: af-packet: wlx90de80fb6413: cluster_flow: 4 cores, using 4 threads
[1 - Suricata-Main] 2025-09-13 11:42:08 Perf: ioctl: wlx90de80fb6413: disabling gro offloading
[1 - Suricata-Main] 2025-09-13 11:42:08 Warning: af-packet: wlx90de80fb6413: AF_PACKET tpacket-v3 is recommended for non-inline operation
[1 - Suricata-Main] 2025-09-13 11:42:08 Info: runmodes: wlx90de80fb6413: creating 4 threads
[1 - Suricata-Main] 2025-09-13 11:42:08 Info: unix-manager: unix socket '/var/run/suricata/suricata-command.socket'
[17 - W#01-wlx9..6413] 2025-09-13 11:42:08 Perf: af-packet: wlx90de80fb6413: rx ring: block_size=131072 block_nr=37 frame_size=9296 frame_nr=518
[18 - W#02-wlx9..6413] 2025-09-13 11:42:08 Perf: af-packet: wlx90de80fb6413: rx ring: block_size=131072 block_nr=37 frame_size=9296 frame_nr=518
[19 - W#03-wlx9..6413] 2025-09-13 11:42:08 Perf: af-packet: wlx90de80fb6413: rx ring: block_size=131072 block_nr=37 frame_size=9296 frame_nr=518
[20 - W#04-wlx9..6413] 2025-09-13 11:42:08 Perf: af-packet: wlx90de80fb6413: rx ring: block_size=131072 block_nr=37 frame_size=9296 frame_nr=518
[1 - Suricata-Main] 2025-09-13 11:42:08 Notice: threads: Threads created -> W: 4 FM: 1 FR: 1   Engine started.
[1 - Suricata-Main] 2025-09-13 11:55:54 Notice: suricata: Signal Received.  Stopping engine.
[1 - Suricata-Main] 2025-09-13 11:55:55 Info: suricata: time elapsed 826.729s
[22 - FR#01] 2025-09-13 11:55:55 Perf: flow-manager: 4 flows processed
[17 - W#01-wlx9..6413] 2025-09-13 11:55:55 Perf: af-packet: wlx90de80fb6413: (W#01-wlx9..6413) kernel: Packets 420, dropped 0
[18 - W#02-wlx9..6413] 2025-09-13 11:55:55 Perf: af-packet: wlx90de80fb6413: (W#02-wlx9..6413) kernel: Packets 416, dropped 0
[19 - W#03-wlx9..6413] 2025-09-13 11:55:55 Perf: af-packet: wlx90de80fb6413: (W#03-wlx9..6413) kernel: Packets 417, dropped 0
[20 - W#04-wlx9..6413] 2025-09-13 11:55:55 Perf: af-packet: wlx90de80fb6413: (W#04-wlx9..6413) kernel: Packets 525, dropped 0
[1 - Suricata-Main] 2025-09-13 11:55:55 Info: counters: Alerts: 0
[1 - Suricata-Main] 2025-09-13 11:55:55 Perf: ippair: ippair memory usage: 414144 bytes, maximum: 16777216
[1 - Suricata-Main] 2025-09-13 11:55:55 Perf: host: host memory usage: 398144 bytes, maximum: 33554432
[1 - Suricata-Main] 2025-09-13 11:55:55 Notice: device: wlx90de80fb6413: packets: 1778, drops: 0 (0.00%), invalid chksum: 0
[1 - Suricata-Main] 2025-09-13 11:55:55 Perf: ioctl: wlx90de80fb6413: restoring gro offloading
[1 - Suricata-Main] 2025-09-13 11:56:02 Notice: suricata: This is Suricata version 7.0.11 RELEASE running in SYSTEM mode
[1 - Suricata-Main] 2025-09-13 11:56:02 Info: cpu: CPUs/cores online: 4
[1 - Suricata-Main] 2025-09-13 11:56:02 Info: device: wlx90de80fb6413: shortening device name to wlx9..6413
[1 - Suricata-Main] 2025-09-13 11:56:02 Info: suricata: Setting engine mode to IDS mode by default
[1 - Suricata-Main] 2025-09-13 11:56:02 Info: exception-policy: master exception-policy set to: auto
[1 - Suricata-Main] 2025-09-13 11:56:02 Info: conf: Running in live mode, activating unix socket
[1 - Suricata-Main] 2025-09-13 11:56:02 Info: logopenfile: fast output device (regular) initialized: fast.log
[1 - Suricata-Main] 2025-09-13 11:56:02 Info: logopenfile: eve-log output device (regular) initialized: eve.json
[1 - Suricata-Main] 2025-09-13 11:56:02 Info: logopenfile: stats output device (regular) initialized: stats.log
[1 - Suricata-Main] 2025-09-13 11:56:28 Info: detect: 1 rule files processed. 44154 rules successfully loaded, 0 rules failed, 0
[1 - Suricata-Main] 2025-09-13 11:56:28 Info: threshold-config: Threshold config parsed: 0 rule(s) found
[1 - Suricata-Main] 2025-09-13 11:56:28 Info: detect: 44157 signatures processed. 938 are IP-only rules, 4364 are inspecting packet payload, 38633 inspect application layer, 109 are decoder event only
[1 - Suricata-Main] 2025-09-13 11:56:28 Perf: detect: TCP toserver: 41 port groups, 40 unique SGH's, 1 copies
[1 - Suricata-Main] 2025-09-13 11:56:28 Perf: detect: TCP toclient: 21 port groups, 21 unique SGH's, 0 copies
[1 - Suricata-Main] 2025-09-13 11:56:28 Perf: detect: UDP toserver: 41 port groups, 40 unique SGH's, 1 copies
[1 - Suricata-Main] 2025-09-13 11:56:28 Perf: detect: UDP toclient: 21 port groups, 17 unique SGH's, 4 copies
[1 - Suricata-Main] 2025-09-13 11:56:28 Perf: detect: OTHER toserver: 254 proto groups, 4 unique SGH's, 250 copies
[1 - Suricata-Main] 2025-09-13 11:56:28 Perf: detect: OTHER toclient: 254 proto groups, 0 unique SGH's, 254 copies
[1 - Suricata-Main] 2025-09-13 11:56:30 Perf: detect: Unique rule groups: 122
[1 - Suricata-Main] 2025-09-13 11:56:30 Perf: detect: Builtin MPM "toserver TCP packet": 32
[1 - Suricata-Main] 2025-09-13 11:56:30 Perf: detect: Builtin MPM "toclient TCP packet": 20
[1 - Suricata-Main] 2025-09-13 11:56:30 Perf: detect: Builtin MPM "toserver TCP stream": 33
[1 - Suricata-Main] 2025-09-13 11:56:30 Perf: detect: Builtin MPM "toclient TCP stream": 19
[1 - Suricata-Main] 2025-09-13 11:56:30 Perf: detect: Builtin MPM "toserver UDP packet": 40
[1 - Suricata-Main] 2025-09-13 11:56:30 Perf: detect: Builtin MPM "toclient UDP packet": 17
[1 - Suricata-Main] 2025-09-13 11:56:30 Perf: detect: Builtin MPM "other IP packet": 3
[1 - Suricata-Main] 2025-09-13 11:56:30 Perf: detect: AppLayer MPM "toserver http_uri (http)": 16
[1 - Suricata-Main] 2025-09-13 11:56:30 Perf: detect: AppLayer MPM "toserver http_uri (http)": 2
[1 - Suricata-Main] 2025-09-13 11:56:30 Perf: detect: AppLayer MPM "toserver http_uri (http2)": 16
[1 - Suricata-Main] 2025-09-13 11:56:30 Perf: detect: AppLayer MPM "toserver http_uri (http2)": 2
[1 - Suricata-Main] 2025-09-13 11:56:30 Perf: detect: AppLayer MPM "toserver http_raw_uri (http)": 2
[1 - Suricata-Main] 2025-09-13 11:56:30 Perf: detect: AppLayer MPM "toserver http_raw_uri (http)": 2
[1 - Suricata-Main] 2025-09-13 11:56:30 Perf: detect: AppLayer MPM "toserver http_raw_uri (http2)": 2
[1 - Suricata-Main] 2025-09-13 11:56:30 Perf: detect: AppLayer MPM "toserver http_raw_uri (http2)": 2
[1 - Suricata-Main] 2025-09-13 11:56:30 Perf: detect: AppLayer MPM "toserver http_request_line (http)": 8
[1 - Suricata-Main] 2025-09-13 11:56:30 Perf: detect: AppLayer MPM "toserver http_request_line (http2)": 8
[1 - Suricata-Main] 2025-09-13 11:56:30 Perf: detect: AppLayer MPM "toserver http_client_body (http)": 14
[1 - Suricata-Main] 2025-09-13 11:56:30 Perf: detect: AppLayer MPM "toserver http_client_body (http)": 2
[1 - Suricata-Main] 2025-09-13 11:56:30 Perf: detect: AppLayer MPM "toserver http_client_body (http2)": 14
[1 - Suricata-Main] 2025-09-13 11:56:30 Perf: detect: AppLayer MPM "toserver http_client_body (http2)": 2
[1 - Suricata-Main] 2025-09-13 11:56:30 Perf: detect: AppLayer MPM "toclient http_response_line (http)": 2
[1 - Suricata-Main] 2025-09-13 11:56:30 Perf: detect: AppLayer MPM "toclient http_response_line (http2)": 2
[1 - Suricata-Main] 2025-09-13 11:56:30 Perf: detect: AppLayer MPM "toserver http_header (http)": 10
[1 - Suricata-Main] 2025-09-13 11:56:30 Perf: detect: AppLayer MPM "toserver http_header (http)": 1
[1 - Suricata-Main] 2025-09-13 11:56:30 Perf: detect: AppLayer MPM "toserver http_header (http)": 4
[1 - Suricata-Main] 2025-09-13 11:56:30 Perf: detect: AppLayer MPM "toserver http_header (http)": 4
[1 - Suricata-Main] 2025-09-13 11:56:30 Perf: detect: AppLayer MPM "toserver http_header (http)": 10
[1 - Suricata-Main] 2025-09-13 11:56:30 Perf: detect: AppLayer MPM "toclient http_header (http)": 10
[1 - Suricata-Main] 2025-09-13 11:56:30 Perf: detect: AppLayer MPM "toclient http_header (http)": 1
[1 - Suricata-Main] 2025-09-13 11:56:30 Perf: detect: AppLayer MPM "toclient http_header (http)": 4
[1 - Suricata-Main] 2025-09-13 11:56:30 Perf: detect: AppLayer MPM "toclient http_header (http)": 4
[1 - Suricata-Main] 2025-09-13 11:56:30 Perf: detect: AppLayer MPM "toclient http_header (http)": 10
[1 - Suricata-Main] 2025-09-13 11:56:30 Perf: detect: AppLayer MPM "toserver http_header (http2)": 10
[1 - Suricata-Main] 2025-09-13 11:56:30 Perf: detect: AppLayer MPM "toserver http_header (http2)": 1
[1 - Suricata-Main] 2025-09-13 11:56:30 Perf: detect: AppLayer MPM "toserver http_header (http2)": 4
[1 - Suricata-Main] 2025-09-13 11:56:30 Perf: detect: AppLayer MPM "toserver http_header (http2)": 4
[1 - Suricata-Main] 2025-09-13 11:56:30 Perf: detect: AppLayer MPM "toserver http_header (http2)": 10
[1 - Suricata-Main] 2025-09-13 11:56:30 Perf: detect: AppLayer MPM "toclient http_header (http2)": 10
[1 - Suricata-Main] 2025-09-13 11:56:30 Perf: detect: AppLayer MPM "toclient http_header (http2)": 1
[1 - Suricata-Main] 2025-09-13 11:56:30 Perf: detect: AppLayer MPM "toclient http_header (http2)": 4
[1 - Suricata-Main] 2025-09-13 11:56:30 Perf: detect: AppLayer MPM "toclient http_header (http2)": 4
[1 - Suricata-Main] 2025-09-13 11:56:30 Perf: detect: AppLayer MPM "toclient http_header (http2)": 10
[1 - Suricata-Main] 2025-09-13 11:56:30 Perf: detect: AppLayer MPM "toserver http_request_header (http2)": 2
[1 - Suricata-Main] 2025-09-13 11:56:30 Perf: detect: AppLayer MPM "toserver http_request_header (http2)": 4
[1 - Suricata-Main] 2025-09-13 11:56:30 Perf: detect: AppLayer MPM "toserver http_request_header (http)": 2
[1 - Suricata-Main] 2025-09-13 11:56:30 Perf: detect: AppLayer MPM "toserver http_request_header (http)": 4
[1 - Suricata-Main] 2025-09-13 11:56:30 Perf: detect: AppLayer MPM "toclient http_response_header (http2)": 2
[1 - Suricata-Main] 2025-09-13 11:56:30 Perf: detect: AppLayer MPM "toclient http_response_header (http2)": 2
[1 - Suricata-Main] 2025-09-13 11:56:30 Perf: detect: AppLayer MPM "toclient http_response_header (http2)": 2
[1 - Suricata-Main] 2025-09-13 11:56:30 Perf: detect: AppLayer MPM "toclient http_response_header (http2)": 2
[1 - Suricata-Main] 2025-09-13 11:56:30 Perf: detect: AppLayer MPM "toclient http_response_header (http)": 2
[1 - Suricata-Main] 2025-09-13 11:56:30 Perf: detect: AppLayer MPM "toclient http_response_header (http)": 2
[1 - Suricata-Main] 2025-09-13 11:56:30 Perf: detect: AppLayer MPM "toclient http_response_header (http)": 2
[1 - Suricata-Main] 2025-09-13 11:56:30 Perf: detect: AppLayer MPM "toclient http_response_header (http)": 2
[1 - Suricata-Main] 2025-09-13 11:56:30 Perf: detect: AppLayer MPM "toserver http_header_names (http)": 11
[1 - Suricata-Main] 2025-09-13 11:56:30 Perf: detect: AppLayer MPM "toserver http_header_names (http)": 1
[1 - Suricata-Main] 2025-09-13 11:56:30 Perf: detect: AppLayer MPM "toserver http_header_names (http)": 2
[1 - Suricata-Main] 2025-09-13 11:56:30 Perf: detect: AppLayer MPM "toserver http_header_names (http)": 4
[1 - Suricata-Main] 2025-09-13 11:56:30 Perf: detect: AppLayer MPM "toserver http_header_names (http)": 8
[1 - Suricata-Main] 2025-09-13 11:56:30 Perf: detect: AppLayer MPM "toclient http_header_names (http)": 11
[1 - Suricata-Main] 2025-09-13 11:56:30 Perf: detect: AppLayer MPM "toclient http_header_names (http)": 1
[1 - Suricata-Main] 2025-09-13 11:56:30 Perf: detect: AppLayer MPM "toclient http_header_names (http)": 2
[1 - Suricata-Main] 2025-09-13 11:56:30 Perf: detect: AppLayer MPM "toclient http_header_names (http)": 4
[1 - Suricata-Main] 2025-09-13 11:56:30 Perf: detect: AppLayer MPM "toclient http_header_names (http)": 8
[1 - Suricata-Main] 2025-09-13 11:56:30 Perf: detect: AppLayer MPM "toserver http_header_names (http2)": 11
[1 - Suricata-Main] 2025-09-13 11:56:30 Perf: detect: AppLayer MPM "toserver http_header_names (http2)": 1
[1 - Suricata-Main] 2025-09-13 11:56:30 Perf: detect: AppLayer MPM "toserver http_header_names (http2)": 2
[1 - Suricata-Main] 2025-09-13 11:56:30 Perf: detect: AppLayer MPM "toserver http_header_names (http2)": 4
[1 - Suricata-Main] 2025-09-13 11:56:30 Perf: detect: AppLayer MPM "toserver http_header_names (http2)": 8
[1 - Suricata-Main] 2025-09-13 11:56:30 Perf: detect: AppLayer MPM "toclient http_header_names (http2)": 11
[1 - Suricata-Main] 2025-09-13 11:56:30 Perf: detect: AppLayer MPM "toclient http_header_names (http2)": 1
[1 - Suricata-Main] 2025-09-13 11:56:30 Perf: detect: AppLayer MPM "toclient http_header_names (http2)": 2
[1 - Suricata-Main] 2025-09-13 11:56:30 Perf: detect: AppLayer MPM "toclient http_header_names (http2)": 4
[1 - Suricata-Main] 2025-09-13 11:56:30 Perf: detect: AppLayer MPM "toclient http_header_names (http2)": 8
[1 - Suricata-Main] 2025-09-13 11:56:30 Perf: detect: AppLayer MPM "toserver http_accept (http)": 8
[1 - Suricata-Main] 2025-09-13 11:56:30 Perf: detect: AppLayer MPM "toserver http_accept (http2)": 8
[1 - Suricata-Main] 2025-09-13 11:56:30 Perf: detect: AppLayer MPM "toserver http_accept_enc (http)": 2
[1 - Suricata-Main] 2025-09-13 11:56:30 Perf: detect: AppLayer MPM "toserver http_accept_enc (http2)": 2
[1 - Suricata-Main] 2025-09-13 11:56:30 Perf: detect: AppLayer MPM "toserver http_accept_lang (http)": 2
[1 - Suricata-Main] 2025-09-13 11:56:30 Perf: detect: AppLayer MPM "toserver http_accept_lang (http2)": 2
[1 - Suricata-Main] 2025-09-13 11:56:30 Perf: detect: AppLayer MPM "toserver http_referer (http)": 2
[1 - Suricata-Main] 2025-09-13 11:56:30 Perf: detect: AppLayer MPM "toserver http_referer (http2)": 2
[1 - Suricata-Main] 2025-09-13 11:56:30 Perf: detect: AppLayer MPM "toserver http_connection (http)": 2
[1 - Suricata-Main] 2025-09-13 11:56:30 Perf: detect: AppLayer MPM "toserver http_connection (http2)": 2
[1 - Suricata-Main] 2025-09-13 11:56:30 Perf: detect: AppLayer MPM "toclient http_connection (http)": 2
[1 - Suricata-Main] 2025-09-13 11:56:30 Perf: detect: AppLayer MPM "toclient http_connection (http2)": 2
[1 - Suricata-Main] 2025-09-13 11:56:30 Perf: detect: AppLayer MPM "toserver http_content_len (http)": 4
[1 - Suricata-Main] 2025-09-13 11:56:30 Perf: detect: AppLayer MPM "toserver http_content_len (http2)": 4
[1 - Suricata-Main] 2025-09-13 11:56:30 Perf: detect: AppLayer MPM "toclient http_content_len (http)": 4
[1 - Suricata-Main] 2025-09-13 11:56:30 Perf: detect: AppLayer MPM "toclient http_content_len (http2)": 4
[1 - Suricata-Main] 2025-09-13 11:56:30 Perf: detect: AppLayer MPM "toserver http_content_type (http)": 4
[1 - Suricata-Main] 2025-09-13 11:56:30 Perf: detect: AppLayer MPM "toserver http_content_type (http2)": 4
[1 - Suricata-Main] 2025-09-13 11:56:30 Perf: detect: AppLayer MPM "toclient http_content_type (http)": 4
[1 - Suricata-Main] 2025-09-13 11:56:30 Perf: detect: AppLayer MPM "toclient http_content_type (http2)": 4
[1 - Suricata-Main] 2025-09-13 11:56:30 Perf: detect: AppLayer MPM "toclient http.server (http)": 4
[1 - Suricata-Main] 2025-09-13 11:56:30 Perf: detect: AppLayer MPM "toclient http.server (http2)": 4
[1 - Suricata-Main] 2025-09-13 11:56:30 Perf: detect: AppLayer MPM "toclient http.location (http)": 2
[1 - Suricata-Main] 2025-09-13 11:56:30 Perf: detect: AppLayer MPM "toclient http.location (http2)": 2
[1 - Suricata-Main] 2025-09-13 11:56:30 Perf: detect: AppLayer MPM "toserver http_start (http)": 6
[1 - Suricata-Main] 2025-09-13 11:56:30 Perf: detect: AppLayer MPM "toclient http_start (http)": 6
[1 - Suricata-Main] 2025-09-13 11:56:30 Perf: detect: AppLayer MPM "toserver http_raw_header (http)": 4
[1 - Suricata-Main] 2025-09-13 11:56:30 Perf: detect: AppLayer MPM "toserver http_raw_header (http)": 2
[1 - Suricata-Main] 2025-09-13 11:56:30 Perf: detect: AppLayer MPM "toserver http_raw_header (http)": 4
[1 - Suricata-Main] 2025-09-13 11:56:30 Perf: detect: AppLayer MPM "toclient http_raw_header (http)": 4
[1 - Suricata-Main] 2025-09-13 11:56:30 Perf: detect: AppLayer MPM "toclient http_raw_header (http)": 2
[1 - Suricata-Main] 2025-09-13 11:56:30 Perf: detect: AppLayer MPM "toclient http_raw_header (http)": 4
[1 - Suricata-Main] 2025-09-13 11:56:30 Perf: detect: AppLayer MPM "toserver http_raw_header (http2)": 4
[1 - Suricata-Main] 2025-09-13 11:56:30 Perf: detect: AppLayer MPM "toserver http_raw_header (http2)": 2
[1 - Suricata-Main] 2025-09-13 11:56:30 Perf: detect: AppLayer MPM "toserver http_raw_header (http2)": 4
[1 - Suricata-Main] 2025-09-13 11:56:30 Perf: detect: AppLayer MPM "toclient http_raw_header (http2)": 4
[1 - Suricata-Main] 2025-09-13 11:56:30 Perf: detect: AppLayer MPM "toclient http_raw_header (http2)": 2
[1 - Suricata-Main] 2025-09-13 11:56:30 Perf: detect: AppLayer MPM "toclient http_raw_header (http2)": 4
[1 - Suricata-Main] 2025-09-13 11:56:30 Perf: detect: AppLayer MPM "toserver http_method (http)": 4
[1 - Suricata-Main] 2025-09-13 11:56:30 Perf: detect: AppLayer MPM "toserver http_method (http2)": 4
[1 - Suricata-Main] 2025-09-13 11:56:30 Perf: detect: AppLayer MPM "toserver http_cookie (http)": 8
[1 - Suricata-Main] 2025-09-13 11:56:30 Perf: detect: AppLayer MPM "toclient http_cookie (http)": 8
[1 - Suricata-Main] 2025-09-13 11:56:30 Perf: detect: AppLayer MPM "toserver http_cookie (http2)": 8
[1 - Suricata-Main] 2025-09-13 11:56:30 Perf: detect: AppLayer MPM "toclient http_cookie (http2)": 8
[1 - Suricata-Main] 2025-09-13 11:56:30 Perf: detect: AppLayer MPM "toserver http_user_agent (http)": 15
[1 - Suricata-Main] 2025-09-13 11:56:30 Perf: detect: AppLayer MPM "toserver http_user_agent (http2)": 15
[1 - Suricata-Main] 2025-09-13 11:56:30 Perf: detect: AppLayer MPM "toserver http_host (http)": 2
[1 - Suricata-Main] 2025-09-13 11:56:30 Perf: detect: AppLayer MPM "toserver http_host (http)": 4
[1 - Suricata-Main] 2025-09-13 11:56:30 Perf: detect: AppLayer MPM "toserver http_host (http2)": 2
[1 - Suricata-Main] 2025-09-13 11:56:30 Perf: detect: AppLayer MPM "toserver http_host (http2)": 4
[1 - Suricata-Main] 2025-09-13 11:56:30 Perf: detect: AppLayer MPM "toserver http_raw_host (http)": 2
[1 - Suricata-Main] 2025-09-13 11:56:30 Perf: detect: AppLayer MPM "toserver http_raw_host (http2)": 2
[1 - Suricata-Main] 2025-09-13 11:56:30 Perf: detect: AppLayer MPM "toclient http_stat_code (http)": 4
[1 - Suricata-Main] 2025-09-13 11:56:30 Perf: detect: AppLayer MPM "toclient http_stat_code (http2)": 4
[1 - Suricata-Main] 2025-09-13 11:56:30 Perf: detect: AppLayer MPM "toserver dns_query (dns)": 2
[1 - Suricata-Main] 2025-09-13 11:56:30 Perf: detect: AppLayer MPM "toserver dns_query (dns)": 1
[1 - Suricata-Main] 2025-09-13 11:56:30 Perf: detect: AppLayer MPM "toserver tls.sni (tls)": 3
[1 - Suricata-Main] 2025-09-13 11:56:30 Perf: detect: AppLayer MPM "toserver tls.sni (tls)": 1
[1 - Suricata-Main] 2025-09-13 11:56:30 Perf: detect: AppLayer MPM "toserver tls.cert_issuer (tls)": 6
[1 - Suricata-Main] 2025-09-13 11:56:30 Perf: detect: AppLayer MPM "toclient tls.cert_issuer (tls)": 6
[1 - Suricata-Main] 2025-09-13 11:56:30 Perf: detect: AppLayer MPM "toserver tls.cert_subject (tls)": 4
[1 - Suricata-Main] 2025-09-13 11:56:30 Perf: detect: AppLayer MPM "toclient tls.cert_subject (tls)": 4
[1 - Suricata-Main] 2025-09-13 11:56:30 Perf: detect: AppLayer MPM "toclient tls.cert_serial (tls)": 2
[1 - Suricata-Main] 2025-09-13 11:56:30 Perf: detect: AppLayer MPM "toserver tls.cert_serial (tls)": 2
[1 - Suricata-Main] 2025-09-13 11:56:30 Perf: detect: AppLayer MPM "toclient tls.cert_fingerprint (tls)": 1
[1 - Suricata-Main] 2025-09-13 11:56:30 Perf: detect: AppLayer MPM "toserver tls.cert_fingerprint (tls)": 1
[1 - Suricata-Main] 2025-09-13 11:56:30 Perf: detect: AppLayer MPM "toclient tls.certs (tls)": 2
[1 - Suricata-Main] 2025-09-13 11:56:30 Perf: detect: AppLayer MPM "toserver tls.certs (tls)": 2
[1 - Suricata-Main] 2025-09-13 11:56:30 Perf: detect: AppLayer MPM "toserver ja3.hash (tls)": 2
[1 - Suricata-Main] 2025-09-13 11:56:30 Perf: detect: AppLayer MPM "toserver ja3.hash (quic)": 2
[1 - Suricata-Main] 2025-09-13 11:56:30 Perf: detect: AppLayer MPM "toclient ja3s.hash (tls)": 1
[1 - Suricata-Main] 2025-09-13 11:56:30 Perf: detect: AppLayer MPM "toclient ja3s.hash (quic)": 1
[1 - Suricata-Main] 2025-09-13 11:56:30 Perf: detect: AppLayer MPM "toserver ssh.proto (ssh)": 1
[1 - Suricata-Main] 2025-09-13 11:56:30 Perf: detect: AppLayer MPM "toclient ssh.proto (ssh)": 1
[1 - Suricata-Main] 2025-09-13 11:56:30 Perf: detect: AppLayer MPM "toserver ssh_software (ssh)": 1
[1 - Suricata-Main] 2025-09-13 11:56:30 Perf: detect: AppLayer MPM "toclient ssh_software (ssh)": 1
[1 - Suricata-Main] 2025-09-13 11:56:30 Perf: detect: AppLayer MPM "toclient file_data (nfs)": 17
[1 - Suricata-Main] 2025-09-13 11:56:30 Perf: detect: AppLayer MPM "toclient file_data (nfs)": 2
[1 - Suricata-Main] 2025-09-13 11:56:30 Perf: detect: AppLayer MPM "toserver file_data (nfs)": 17
[1 - Suricata-Main] 2025-09-13 11:56:30 Perf: detect: AppLayer MPM "toserver file_data (nfs)": 2
[1 - Suricata-Main] 2025-09-13 11:56:30 Perf: detect: AppLayer MPM "toclient file_data (smb)": 17
[1 - Suricata-Main] 2025-09-13 11:56:30 Perf: detect: AppLayer MPM "toclient file_data (smb)": 2
[1 - Suricata-Main] 2025-09-13 11:56:30 Perf: detect: AppLayer MPM "toserver file_data (smb)": 17
[1 - Suricata-Main] 2025-09-13 11:56:30 Perf: detect: AppLayer MPM "toserver file_data (smb)": 2
[1 - Suricata-Main] 2025-09-13 11:56:30 Perf: detect: AppLayer MPM "toclient file_data (ftp)": 17
[1 - Suricata-Main] 2025-09-13 11:56:30 Perf: detect: AppLayer MPM "toclient file_data (ftp)": 2
[1 - Suricata-Main] 2025-09-13 11:56:30 Perf: detect: AppLayer MPM "toserver file_data (ftp)": 17
[1 - Suricata-Main] 2025-09-13 11:56:30 Perf: detect: AppLayer MPM "toserver file_data (ftp)": 2
[1 - Suricata-Main] 2025-09-13 11:56:30 Perf: detect: AppLayer MPM "toclient file_data (ftp-data)": 17
[1 - Suricata-Main] 2025-09-13 11:56:30 Perf: detect: AppLayer MPM "toclient file_data (ftp-data)": 2
[1 - Suricata-Main] 2025-09-13 11:56:30 Perf: detect: AppLayer MPM "toserver file_data (ftp-data)": 17
[1 - Suricata-Main] 2025-09-13 11:56:30 Perf: detect: AppLayer MPM "toserver file_data (ftp-data)": 2
[1 - Suricata-Main] 2025-09-13 11:56:30 Perf: detect: AppLayer MPM "toclient file_data (http)": 17
[1 - Suricata-Main] 2025-09-13 11:56:30 Perf: detect: AppLayer MPM "toclient file_data (http)": 2
[1 - Suricata-Main] 2025-09-13 11:56:30 Perf: detect: AppLayer MPM "toserver file_data (http)": 17
[1 - Suricata-Main] 2025-09-13 11:56:30 Perf: detect: AppLayer MPM "toserver file_data (http)": 2
[1 - Suricata-Main] 2025-09-13 11:56:30 Perf: detect: AppLayer MPM "toclient file_data (http2)": 17
[1 - Suricata-Main] 2025-09-13 11:56:30 Perf: detect: AppLayer MPM "toclient file_data (http2)": 2
[1 - Suricata-Main] 2025-09-13 11:56:30 Perf: detect: AppLayer MPM "toserver file_data (http2)": 17
[1 - Suricata-Main] 2025-09-13 11:56:30 Perf: detect: AppLayer MPM "toserver file_data (http2)": 2
[1 - Suricata-Main] 2025-09-13 11:56:30 Perf: detect: AppLayer MPM "toserver file_data (smtp)": 17
[1 - Suricata-Main] 2025-09-13 11:56:30 Perf: detect: AppLayer MPM "toserver file_data (smtp)": 2
[1 - Suricata-Main] 2025-09-13 11:56:30 Perf: detect: Pkt MPM "icmpv6.hdr": 1
[1 - Suricata-Main] 2025-09-13 11:56:30 Perf: detect: Pkt MPM "ipv6.hdr": 1
[1 - Suricata-Main] 2025-09-13 11:57:09 Perf: af-packet: wlx90de80fb6413: cluster_flow: 4 cores, using 4 threads
[1 - Suricata-Main] 2025-09-13 11:57:09 Perf: ioctl: wlx90de80fb6413: disabling gro offloading
[1 - Suricata-Main] 2025-09-13 11:57:09 Warning: af-packet: wlx90de80fb6413: AF_PACKET tpacket-v3 is recommended for non-inline operation
[1 - Suricata-Main] 2025-09-13 11:57:09 Info: runmodes: wlx90de80fb6413: creating 4 threads
[1 - Suricata-Main] 2025-09-13 11:57:09 Info: unix-manager: unix socket '/var/run/suricata/suricata-command.socket'
[16 - W#01-wlx9..6413] 2025-09-13 11:57:09 Perf: af-packet: wlx90de80fb6413: rx ring: block_size=131072 block_nr=37 frame_size=9296 frame_nr=518
[17 - W#02-wlx9..6413] 2025-09-13 11:57:09 Perf: af-packet: wlx90de80fb6413: rx ring: block_size=131072 block_nr=37 frame_size=9296 frame_nr=518
[18 - W#03-wlx9..6413] 2025-09-13 11:57:09 Perf: af-packet: wlx90de80fb6413: rx ring: block_size=131072 block_nr=37 frame_size=9296 frame_nr=518
[19 - W#04-wlx9..6413] 2025-09-13 11:57:09 Perf: af-packet: wlx90de80fb6413: rx ring: block_size=131072 block_nr=37 frame_size=9296 frame_nr=518
[1 - Suricata-Main] 2025-09-13 11:57:09 Notice: threads: Threads created -> W: 4 FM: 1 FR: 1   Engine started.
[1 - Suricata-Main] 2025-09-13 11:58:58 Notice: suricata: Signal Received.  Stopping engine.
[1 - Suricata-Main] 2025-09-13 11:58:59 Info: suricata: time elapsed 110.140s
[21 - FR#01] 2025-09-13 11:58:59 Perf: flow-manager: 0 flows processed
[16 - W#01-wlx9..6413] 2025-09-13 11:58:59 Perf: af-packet: wlx90de80fb6413: (W#01-wlx9..6413) kernel: Packets 58, dropped 0
[17 - W#02-wlx9..6413] 2025-09-13 11:58:59 Perf: af-packet: wlx90de80fb6413: (W#02-wlx9..6413) kernel: Packets 44, dropped 0
[18 - W#03-wlx9..6413] 2025-09-13 11:58:59 Perf: af-packet: wlx90de80fb6413: (W#03-wlx9..6413) kernel: Packets 60, dropped 0
[19 - W#04-wlx9..6413] 2025-09-13 11:58:59 Perf: af-packet: wlx90de80fb6413: (W#04-wlx9..6413) kernel: Packets 76, dropped 0
[1 - Suricata-Main] 2025-09-13 11:58:59 Info: counters: Alerts: 0
[1 - Suricata-Main] 2025-09-13 11:58:59 Perf: ippair: ippair memory usage: 414144 bytes, maximum: 16777216
[1 - Suricata-Main] 2025-09-13 11:58:59 Perf: host: host memory usage: 398144 bytes, maximum: 33554432
[1 - Suricata-Main] 2025-09-13 11:59:00 Notice: device: wlx90de80fb6413: packets: 238, drops: 0 (0.00%), invalid chksum: 0
[1 - Suricata-Main] 2025-09-13 11:59:00 Perf: ioctl: wlx90de80fb6413: restoring gro offloading
